<?xml version="1.0" encoding="UTF-8"?>
<coverage generated="1581583138037" clover="3.2.0">
  <project timestamp="1581583138037" name="All files">
    <metrics statements="9" coveredstatements="7" conditionals="2" coveredconditionals="1" methods="5" coveredmethods="5" elements="16" coveredelements="13" complexity="0" loc="9" ncloc="9" packages="1" files="2" classes="2"/>
    <file name="callback.ts" path="/Users/linjy/Documents/Developer/Frontend/daily/src/utils/callback.ts">
      <metrics statements="2" coveredstatements="2" conditionals="0" coveredconditionals="0" methods="2" coveredmethods="2"/>
      <line num="1" count="1" type="stmt"/>
      <line num="2" count="1" type="stmt"/>
    </file>
    <file name="promise.ts" path="/Users/linjy/Documents/Developer/Frontend/daily/src/utils/promise.ts">
      <metrics statements="7" coveredstatements="5" conditionals="2" coveredconditionals="1" methods="3" coveredmethods="3"/>
      <line num="1" count="1" type="stmt"/>
      <line num="2" count="1" type="stmt"/>
      <line num="3" count="1" type="cond" truecount="1" falsecount="1"/>
      <line num="4" count="0" type="stmt"/>
      <line num="5" count="0" type="stmt"/>
      <line num="7" count="1" type="stmt"/>
      <line num="8" count="1" type="stmt"/>
    </file>
  </project>
</coverage>
