{"/Users/linjy/Documents/Developer/Frontend/daily/src/utils/callback.ts": {"path":"/Users/linjy/Documents/Developer/Frontend/daily/src/utils/callback.ts","statementMap":{"0":{"start":{"line":2,"column":2},"end":{"line":2,"column":50}},"1":{"start":{"line":2,"column":19},"end":{"line":2,"column":42}},"2":{"start":{"line":1,"column":0},"end":{"line":1,"column":24}}},"fnMap":{"0":{"name":"default_1","decl":{"start":{"line":1,"column":0},"end":{"line":1,"column":24}},"loc":{"start":{"line":1,"column":54},"end":{"line":3,"column":1}}},"1":{"name":"(anonymous_1)","decl":{"start":{"line":2,"column":13},"end":{"line":2,"column":16}},"loc":{"start":{"line":2,"column":19},"end":{"line":2,"column":42}}}},"branchMap":{},"s":{"0":1,"1":1,"2":1},"f":{"0":1,"1":1},"b":{}}
,"/Users/linjy/Documents/Developer/Frontend/daily/src/utils/promise.ts": {"path":"/Users/linjy/Documents/Developer/Frontend/daily/src/utils/promise.ts","statementMap":{"0":{"start":{"line":2,"column":2},"end":{"line":10,"column":5}},"1":{"start":{"line":3,"column":4},"end":{"line":6,"column":null}},"2":{"start":{"line":4,"column":6},"end":{"line":4,"column":29}},"3":{"start":{"line":5,"column":6},"end":{"line":5,"column":13}},"4":{"start":{"line":7,"column":4},"end":{"line":9,"column":13}},"5":{"start":{"line":8,"column":6},"end":{"line":8,"column":29}},"6":{"start":{"line":1,"column":0},"end":{"line":1,"column":24}}},"fnMap":{"0":{"name":"default_1","decl":{"start":{"line":1,"column":0},"end":{"line":1,"column":24}},"loc":{"start":{"line":1,"column":34},"end":{"line":11,"column":1}}},"1":{"name":"(anonymous_1)","decl":{"start":{"line":2,"column":21},"end":{"line":2,"column":22}},"loc":{"start":{"line":2,"column":41},"end":{"line":10,"column":3}}},"2":{"name":"(anonymous_2)","decl":{"start":{"line":7,"column":15},"end":{"line":7,"column":18}},"loc":{"start":{"line":7,"column":20},"end":{"line":9,"column":5}}}},"branchMap":{"0":{"loc":{"start":{"line":3,"column":4},"end":{"line":6,"column":null}},"type":"if","locations":[{"start":{"line":3,"column":4},"end":{"line":6,"column":null}},{"start":{"line":3,"column":4},"end":{"line":6,"column":null}}]}},"s":{"0":1,"1":1,"2":0,"3":0,"4":1,"5":1,"6":1},"f":{"0":1,"1":1,"2":1},"b":{"0":[0,1]}}
}
